%このファイルは日本語文字を含みます.
\BOOKMARK [-1][-]{part.1}{\376\377\173\054\000I\220\350\000\040\210\150\212\030\154\325}{}% 1
\BOOKMARK [0][-]{chapter.1.1}{\376\377\145\160\133\146\212\030\123\367}{part.1}% 2
\BOOKMARK [0][-]{chapter.1.2}{\376\377\220\043\175\232\136\247\152\031\117\341\123\367\060\156\210\150\163\376}{part.1}% 3
\BOOKMARK [0][-]{chapter.1.3}{\376\377\226\342\145\143\136\247\152\031\117\341\123\367\060\156\210\150\163\376}{part.1}% 4
\BOOKMARK [-1][-]{part.2}{\376\377\173\054\000I\000I\220\350\000\040\165\163\060\177\217\274\060\177}{}% 5
\BOOKMARK [0][-]{chapter.2.1}{\376\377\135\341\126\336\165\163\060\177\217\274\060\177}{part.2}% 6
\BOOKMARK [1][-]{section.2.1.1}{\376\377\135\341\126\336\165\163\060\177\217\274\060\177\060\156\123\357\143\333\122\107}{chapter.2.1}% 7
\BOOKMARK [0][-]{chapter.2.2}{\376\377\212\370\133\232\164\006}{part.2}% 8
\BOOKMARK [1][-]{section.2.2.1}{\376\377\175\332\137\142\131\011\143\333\060\150\165\163\060\177\217\274\060\177\060\156\230\006\136\217\116\244\143\333}{chapter.2.2}% 9
\BOOKMARK [2][-]{subsection.2.2.1.1}{\376\377\122\325\152\137}{section.2.2.1}% 10
\BOOKMARK [2][-]{subsection.2.2.1.2}{\376\377\164\006\212\326}{section.2.2.1}% 11
\BOOKMARK [1][-]{section.2.2.2}{\376\377\145\160\120\044\133\237\232\023}{chapter.2.2}% 12
\BOOKMARK [-1][-]{part.3}{\376\377\173\054\000I\000I\000I\220\350\000\040\000F\000o\000u\000r\000i\000e\000r\211\343\147\220}{}% 13
\BOOKMARK [0][-]{chapter.3.1}{\376\377\000F\000o\000u\000r\000i\000e\000r\175\032\145\160\134\125\225\213}{part.3}% 14
\BOOKMARK [1][-]{section.3.1.1}{\376\377\127\372\136\225\225\242\145\160}{chapter.3.1}% 15
\BOOKMARK [1][-]{section.3.1.2}{\376\377\000F\000o\000u\000r\000i\000e\000r\117\302\145\160}{chapter.3.1}% 16
\BOOKMARK [0][-]{chapter.3.2}{\376\377\000F\000o\000u\000r\000i\000e\000r\131\011\143\333}{part.3}% 17
\BOOKMARK [1][-]{section.3.2.1}{\376\377\127\372\136\225\225\242\145\160}{chapter.3.2}% 18
\BOOKMARK [1][-]{section.3.2.2}{\376\377\000F\000o\000u\000r\000i\000e\000r\131\011\143\333\060\156\133\232\177\251}{chapter.3.2}% 19
\BOOKMARK [0][-]{chapter.3.3}{\376\377\226\342\145\143\146\102\225\223\000F\000o\000u\000r\000i\000e\000r\131\011\143\333\000\050\000D\000T\000F\000T\000\051}{part.3}% 20
\BOOKMARK [1][-]{section.3.3.1}{\376\377\166\364\211\263\166\204\060\152\212\254\146\016}{chapter.3.3}% 21
\BOOKMARK [1][-]{section.3.3.2}{\376\377\133\232\177\251}{chapter.3.3}% 22
\BOOKMARK [2][-]{subsection.3.3.2.1}{\376\377\124\174\171\360\060\153\060\144\060\104\060\146}{section.3.3.2}% 23
\BOOKMARK [1][-]{section.3.3.3}{\376\377\220\043\175\232\136\247\152\031\117\341\123\367\060\150\060\156\225\242\117\302}{chapter.3.3}% 24
\BOOKMARK [1][-]{section.3.3.4}{\376\377\220\006\226\342\145\143\146\102\225\223\000F\000o\000u\000r\000i\000e\000r\131\011\143\333\000\050\000I\000D\000T\000F\000T\000\051}{chapter.3.3}% 25
\BOOKMARK [2][-]{subsection.3.3.4.1}{\376\377\000I\000D\000T\000F\000T\060\114\000D\000T\000F\000T\060\156\220\006\131\011\143\333\060\147\060\102\060\213\060\123\060\150}{section.3.3.4}% 26
\BOOKMARK [1][-]{section.3.3.5}{\376\377\172\115\060\150\165\163\060\177\217\274\060\177\060\150\060\156\225\242\117\302}{chapter.3.3}% 27
\BOOKMARK [2][-]{subsection.3.3.5.1}{\376\377\146\102\225\223\230\030\127\337\000,\000\040\124\150\154\342\145\160\230\030\127\337\060\156\165\163\060\177\217\274\060\177\060\156\133\232\177\251}{section.3.3.5}% 28
\BOOKMARK [2][-]{subsection.3.3.5.2}{\376\377\172\115\060\156\000D\000T\000F\000T}{section.3.3.5}% 29
\BOOKMARK [2][-]{subsection.3.3.5.3}{\376\377\165\163\060\177\217\274\060\177\060\156\000D\000T\000F\000T}{section.3.3.5}% 30
\BOOKMARK [2][-]{subsection.3.3.5.4}{\376\377\172\115\060\156\000I\000D\000T\000F\000T}{section.3.3.5}% 31
\BOOKMARK [2][-]{subsection.3.3.5.5}{\376\377\165\163\060\177\217\274\060\177\060\156\000I\000D\000T\000F\000T}{section.3.3.5}% 32
\BOOKMARK [1][-]{section.3.3.6}{\376\377\133\232\145\160\225\242\145\160\0001\060\156\000D\000T\000F\000T}{chapter.3.3}% 33
\BOOKMARK [1][-]{section.3.3.7}{\376\377\123\130\116\000\124\150\154\342\145\160\154\342\060\156\000D\000T\000F\000T\060\156\134\016\121\372}{chapter.3.3}% 34
\BOOKMARK [1][-]{section.3.3.8}{\376\377\060\267\060\271\060\306\060\340\060\156\117\035\220\124\225\242\145\160\060\150\153\143\137\046\154\342\121\145\122\233\060\156\225\242\117\302}{chapter.3.3}% 35
\BOOKMARK [0][-]{chapter.3.4}{\376\377\226\342\145\143\000F\000o\000u\000r\000i\000e\000r\131\011\143\333\000\050\000D\000F\000T\000\051}{part.3}% 36
\BOOKMARK [1][-]{section.3.4.1}{\376\377\127\372\136\225}{chapter.3.4}% 37
\BOOKMARK [1][-]{section.3.4.2}{\376\377\000D\000F\000T\060\156\133\232\177\251}{chapter.3.4}% 38
\BOOKMARK [1][-]{section.3.4.3}{\376\377\000H\000e\000r\000m\000i\000t\000e\060\152\226\342\145\143\146\102\225\223\117\341\123\367\060\156\000D\000F\000T\060\157\133\237\145\160\060\147\060\102\060\213}{chapter.3.4}% 39
\BOOKMARK [2][-]{subsection.3.4.3.1}{\376\377\174\373\000:\000\040\000H\000e\000r\000m\000i\000t\000e\060\152\226\342\145\143\146\102\225\223\117\341\123\367\060\156\000I\000D\000F\000T\060\157\133\237\145\160\060\147\060\102\060\213}{section.3.4.3}% 40
\BOOKMARK [1][-]{section.3.4.4}{\376\377\135\341\126\336\165\163\060\177\217\274\060\177\060\156\000D\000F\000T\060\157\000D\000F\000T\060\156\172\115\060\153\153\324\117\213\060\131\060\213}{chapter.3.4}% 41
\BOOKMARK [1][-]{section.3.4.5}{\376\377\000G\000a\000u\000s\000s\000i\000a\000n\060\316\060\244\060\272\060\156\000D\000F\000T}{chapter.3.4}% 42
\BOOKMARK [0][-]{chapter.3.5}{\376\377\060\265\060\363\060\327\060\352\060\363\060\260\133\232\164\006}{part.3}% 43
\BOOKMARK [0][-]{chapter.3.6}{\376\377\232\330\220\037\000F\000o\000u\000r\000i\000e\000r\131\011\143\333\000\050\000F\000F\000T\000\051}{part.3}% 44
\BOOKMARK [1][-]{section.3.6.1}{\376\377\225\167\060\125\060\114\0002\060\156\060\171\060\115\116\127\060\147\060\152\060\104\117\341\123\367\060\156\000D\000F\000T\060\222\225\167\060\125\060\114\0002\060\156\060\171\060\115\116\127\060\156\117\341\123\367\060\156\000F\000F\000T\060\153\136\060\167\100\060\131\060\213\145\271\154\325}{chapter.3.6}% 45
\BOOKMARK [-1][-]{part.4}{\376\377\173\054\000I\000V\220\350\000\040\000L\000a\000p\000l\000a\000c\000e\131\011\143\333}{}% 46
\BOOKMARK [0][-]{chapter.4.1}{\376\377\211\007\175\040\143\007\145\160\225\242\145\160\121\145\122\233\060\153\133\376\060\131\060\213\117\035\220\124\225\242\145\160\060\156\117\134\165\050}{part.4}% 47
\BOOKMARK [1][-]{section.4.1.1}{\376\377\174\373\000:\000\040\153\143\137\046\154\342\121\145\122\233\060\153\133\376\060\131\060\213\117\035\220\124\225\242\145\160\060\156\117\134\165\050}{chapter.4.1}% 48
\BOOKMARK [-1][-]{part.5}{\376\377\173\054\000V\220\350\000\040\000Z\131\011\143\333}{}% 49
\BOOKMARK [0][-]{chapter.5.1}{\376\377\127\372\171\016\164\006\212\326}{part.5}% 50
\BOOKMARK [1][-]{section.5.1.1}{\376\377\147\000\175\102\120\044\133\232\164\006}{chapter.5.1}% 51
\BOOKMARK [1][-]{section.5.1.2}{\376\377\211\007\175\040\143\007\145\160\225\242\145\160\121\145\122\233\060\153\133\376\060\131\060\213\117\035\220\124\225\242\145\160\060\156\117\134\165\050}{chapter.5.1}% 52
\BOOKMARK [0][-]{chapter.5.2}{\376\377\000I\000I\000R\060\325\060\243\060\353\060\277\060\156\212\010\173\227\142\113\230\006}{part.5}% 53
\BOOKMARK [-1][-]{part.6}{\376\377\173\054\000V\000I\220\350\000\040\137\334\165\050}{}% 54
\BOOKMARK [0][-]{chapter.6.1}{\376\377\117\341\123\367\151\034\121\372}{part.6}% 55
\BOOKMARK [1][-]{section.6.1.1}{\376\377\117\115\177\156\162\171\133\232\060\153\145\274\060\121\060\213\000c\000o\000s\230\136\117\074\136\246\060\153\060\210\060\213\145\271\154\325\060\150\147\000\202\157\217\321\117\074\060\153\060\210\060\213\145\271\154\325\060\156\173\111\117\241\140\047}{chapter.6.1}% 56
\BOOKMARK [2][-]{subsection.6.1.1.1}{\376\377\142\113\154\325\0001\000:\000\040\000c\000o\000s\230\136\117\074\136\246\060\156\175\166\133\376\120\044\060\156\147\000\131\047\123\026}{section.6.1.1}% 57
\BOOKMARK [2][-]{subsection.6.1.1.2}{\376\377\142\113\154\325\0002\000:\000\040\147\000\202\157\217\321\117\074}{section.6.1.1}% 58
\BOOKMARK [2][-]{subsection.6.1.1.3}{\376\377\142\113\154\325\0001\000,\0002\060\156\173\111\117\241\140\047}{section.6.1.1}% 59
\BOOKMARK [0][-]{chapter*.2}{\376\377\123\302\200\003\145\207\163\056}{part.6}% 60
